TN:
SF:src/caixa-da-lanchonete.js
FN:16,<instance_members_initializer>
FN:17,calcularValorDaCompra
FNF:2
FNH:2
FNDA:19,<instance_members_initializer>
FNDA:19,calcularValorDaCompra
DA:1,1
DA:2,1
DA:3,1
DA:4,1
DA:5,1
DA:6,1
DA:7,1
DA:8,1
DA:9,1
DA:10,1
DA:11,1
DA:12,1
DA:13,1
DA:14,1
DA:15,1
DA:16,19
DA:17,19
DA:18,19
DA:19,19
DA:20,3
DA:21,3
DA:22,16
DA:23,16
DA:24,16
DA:25,16
DA:26,16
DA:27,16
DA:28,16
DA:29,16
DA:30,16
DA:31,0
DA:32,16
DA:33,0
DA:34,0
DA:35,0
DA:36,0
DA:37,0
DA:38,0
DA:39,19
DA:40,0
DA:41,0
DA:42,0
DA:43,0
DA:44,0
DA:45,0
DA:46,0
DA:47,0
DA:48,0
DA:49,0
DA:50,0
DA:51,0
DA:52,0
DA:53,0
DA:54,0
DA:55,19
DA:56,19
DA:57,1
DA:58,1
DA:59,1
LF:59
LH:37
BRDA:16,0,0,19
BRDA:17,1,0,19
BRDA:19,2,0,3
BRDA:21,3,0,16
BRDA:30,4,0,0
BRDA:32,5,0,0
BRDA:37,6,0,0
BRDA:39,7,0,0
BRDA:26,8,0,128
BRF:9
BRH:5
end_of_record
